<?xml version="1.0" encoding="UTF-8"?>
<!-- Generated by org.testng.reporters.JUnitReportReporter -->
<testsuite hostname="FEUJI-V005D" failures="0" tests="1" name="com.playwright.tests.PlaywrightTest" time="1.496" errors="0" timestamp="2023-12-07T18:13:02 IST" skipped="1">
  <testcase classname="com.playwright.tests.PlaywrightTest" name="registration" time="1.496">
    <skipped/>
  </testcase> <!-- registration -->
  <system-out/>
</testsuite> <!-- com.playwright.tests.PlaywrightTest -->
